INFO:werkzeug:[31m[1mWARNING: This is a development server. Do not use it in a production deployment. Use a production WSGI server instead.[0m
 * Running on http://127.0.0.1:5000
INFO:werkzeug:[33mPress CTRL+C to quit[0m
INFO:werkzeug: * Restarting with watchdog (windowsapi)
WARNING:werkzeug: * Debugger is active!
INFO:werkzeug: * Debugger PIN: 110-873-062
INFO:werkzeug:127.0.0.1 - - [09/Oct/2024 00:43:44] "[31m[1mPOST /batch_predict HTTP/1.1[0m" 400 -
INFO:werkzeug: * Detected change in 'D:\\code\\Learn\\NLP\\food_review\\src\\api.py', reloading
INFO:werkzeug: * Detected change in 'D:\\code\\Learn\\NLP\\food_review\\src\\api.py', reloading
INFO:werkzeug: * Detected change in 'D:\\code\\Learn\\NLP\\food_review\\src\\api.py', reloading
INFO:werkzeug:[31m[1mWARNING: This is a development server. Do not use it in a production deployment. Use a production WSGI server instead.[0m
 * Running on http://127.0.0.1:5000
INFO:werkzeug:[33mPress CTRL+C to quit[0m
INFO:werkzeug:127.0.0.1 - - [09/Oct/2024 00:45:28] "[31m[1mPOST /batch_predict HTTP/1.1[0m" 400 -
INFO:werkzeug:[31m[1mWARNING: This is a development server. Do not use it in a production deployment. Use a production WSGI server instead.[0m
 * Running on http://127.0.0.1:5000
INFO:werkzeug:[33mPress CTRL+C to quit[0m
INFO:werkzeug: * Restarting with watchdog (windowsapi)
WARNING:werkzeug: * Debugger is active!
INFO:werkzeug: * Debugger PIN: 110-873-062
INFO:werkzeug: * Detected change in 'D:\\code\\Learn\\NLP\\food_review\\src\\api.py', reloading
INFO:werkzeug: * Detected change in 'D:\\code\\Learn\\NLP\\food_review\\src\\api.py', reloading
INFO:werkzeug:[31m[1mWARNING: This is a development server. Do not use it in a production deployment. Use a production WSGI server instead.[0m
 * Running on http://127.0.0.1:5000
INFO:werkzeug:[33mPress CTRL+C to quit[0m
INFO:werkzeug: * Restarting with watchdog (windowsapi)
WARNING:werkzeug: * Debugger is active!
INFO:werkzeug: * Debugger PIN: 110-873-062
INFO:werkzeug:127.0.0.1 - - [09/Oct/2024 00:47:53] "[31m[1mPOST /batch_predict HTTP/1.1[0m" 400 -
INFO:werkzeug: * Detected change in 'D:\\code\\Learn\\NLP\\food_review\\src\\api.py', reloading
INFO:werkzeug: * Detected change in 'D:\\code\\Learn\\NLP\\food_review\\src\\api.py', reloading
INFO:werkzeug: * Detected change in 'D:\\code\\Learn\\NLP\\food_review\\src\\api.py', reloading
INFO:werkzeug: * Restarting with watchdog (windowsapi)
WARNING:werkzeug: * Debugger is active!
INFO:werkzeug: * Debugger PIN: 110-873-062
INFO:root:Received 3 texts for prediction
INFO:root:Processed texts with sentiments: ['Negative', 'Positive', 'Negative']
INFO:werkzeug:127.0.0.1 - - [09/Oct/2024 00:49:25] "POST /batch_predict HTTP/1.1" 200 -
INFO:werkzeug: * Detected change in 'D:\\code\\Learn\\NLP\\food_review\\src\\predict.py', reloading
INFO:werkzeug: * Detected change in 'D:\\code\\Learn\\NLP\\food_review\\src\\predict.py', reloading
INFO:werkzeug: * Restarting with watchdog (windowsapi)
WARNING:werkzeug: * Debugger is active!
INFO:werkzeug: * Debugger PIN: 110-873-062
INFO:werkzeug:[31m[1mWARNING: This is a development server. Do not use it in a production deployment. Use a production WSGI server instead.[0m
 * Running on http://127.0.0.1:8080
INFO:werkzeug:[33mPress CTRL+C to quit[0m
INFO:werkzeug: * Restarting with watchdog (windowsapi)
WARNING:werkzeug: * Debugger is active!
INFO:werkzeug: * Debugger PIN: 110-873-062
INFO:root:Received 3 texts for prediction
INFO:root:Processed texts with sentiments: ['Positive', 'Negative', 'Positive']
INFO:werkzeug:127.0.0.1 - - [09/Oct/2024 00:51:07] "POST /batch_predict HTTP/1.1" 200 -
